{
  "stats": {
    "suites": 1,
    "tests": 1,
    "passes": 1,
    "pending": 0,
    "failures": 0,
    "start": "2022-12-01T10:16:57.293Z",
    "end": "2022-12-01T10:17:06.559Z",
    "duration": 9266,
    "testsRegistered": 1,
    "passPercent": 100,
    "pendingPercent": 0,
    "other": 0,
    "hasOther": false,
    "skipped": 0,
    "hasSkipped": false
  },
  "results": [
    {
      "uuid": "66063b66-e983-43ce-a218-e5315fe00244",
      "title": "",
      "fullFile": "/Users/nrangasa/personal/js-webdriver/test/testOne.js",
      "file": "/test/testOne.js",
      "beforeHooks": [],
      "afterHooks": [],
      "tests": [],
      "suites": [
        {
          "uuid": "d9e077ef-cda5-4dde-a8a5-e858ff350395",
          "title": "test suite",
          "fullFile": "/Users/nrangasa/personal/js-webdriver/test/testOne.js",
          "file": "/test/testOne.js",
          "beforeHooks": [],
          "afterHooks": [],
          "tests": [
            {
              "title": "test",
              "fullTitle": "test suite test",
              "timedOut": false,
              "duration": 9257,
              "state": "passed",
              "speed": "slow",
              "pass": true,
              "fail": false,
              "pending": false,
              "context": null,
              "code": "let driver = await new Builder().forBrowser(\"chrome\").build();\nawait driver.get(\"http://google.com\");\nawait driver.findElement(By.name('q')).sendKeys('amazon');\nawait driver.findElement(By.name(\"btnK\")).submit()\ndriver.close()",
              "err": {},
              "uuid": "32e68bfc-ded8-4728-ad28-f0caf32aa41e",
              "parentUUID": "d9e077ef-cda5-4dde-a8a5-e858ff350395",
              "isHook": false,
              "skipped": false
            }
          ],
          "suites": [],
          "passes": [
            "32e68bfc-ded8-4728-ad28-f0caf32aa41e"
          ],
          "failures": [],
          "pending": [],
          "skipped": [],
          "duration": 9257,
          "root": false,
          "rootEmpty": false,
          "_timeout": 10000
        }
      ],
      "passes": [],
      "failures": [],
      "pending": [],
      "skipped": [],
      "duration": 0,
      "root": true,
      "rootEmpty": true,
      "_timeout": 10000
    }
  ],
  "meta": {
    "mocha": {
      "version": "10.1.0"
    },
    "mochawesome": {
      "options": {
        "quiet": false,
        "reportFilename": "mochawesome",
        "saveHtml": true,
        "saveJson": true,
        "consoleReporter": "spec",
        "useInlineDiffs": false,
        "code": true
      },
      "version": "7.1.3"
    },
    "marge": {
      "options": null,
      "version": "6.2.0"
    }
  }
}