{
  "stats": {
    "suites": 1,
    "tests": 1,
    "passes": 1,
    "pending": 0,
    "failures": 0,
    "start": "2022-12-01T10:30:29.009Z",
    "end": "2022-12-01T10:30:38.328Z",
    "duration": 9319,
    "testsRegistered": 1,
    "passPercent": 100,
    "pendingPercent": 0,
    "other": 0,
    "hasOther": false,
    "skipped": 0,
    "hasSkipped": false
  },
  "results": [
    {
      "uuid": "a8adc353-14bd-4784-bc65-52cea3674c2b",
      "title": "",
      "fullFile": "/Users/nrangasa/personal/js-webdriver/test/testOne.js",
      "file": "/test/testOne.js",
      "beforeHooks": [],
      "afterHooks": [],
      "tests": [],
      "suites": [
        {
          "uuid": "cd2b479d-02b4-4c02-a6bf-b06084b6930d",
          "title": "test suite",
          "fullFile": "/Users/nrangasa/personal/js-webdriver/test/testOne.js",
          "file": "/test/testOne.js",
          "beforeHooks": [],
          "afterHooks": [],
          "tests": [
            {
              "title": "test",
              "fullTitle": "test suite test",
              "timedOut": false,
              "duration": 9309,
              "state": "passed",
              "speed": "slow",
              "pass": true,
              "fail": false,
              "pending": false,
              "context": null,
              "code": "let driver = await new Builder().forBrowser(\"chrome\").build();\nawait driver.get(\"http://google.com\");\nawait driver.findElement(By.name('q')).sendKeys('amazon');\nawait driver.findElement(By.name(\"btnK\")).submit()\ndriver.wait\ndriver.close()",
              "err": {},
              "uuid": "4aaaa3e7-09f2-4b14-9bda-fe0f9df2e8ab",
              "parentUUID": "cd2b479d-02b4-4c02-a6bf-b06084b6930d",
              "isHook": false,
              "skipped": false
            }
          ],
          "suites": [],
          "passes": [
            "4aaaa3e7-09f2-4b14-9bda-fe0f9df2e8ab"
          ],
          "failures": [],
          "pending": [],
          "skipped": [],
          "duration": 9309,
          "root": false,
          "rootEmpty": false,
          "_timeout": 10000
        }
      ],
      "passes": [],
      "failures": [],
      "pending": [],
      "skipped": [],
      "duration": 0,
      "root": true,
      "rootEmpty": true,
      "_timeout": 10000
    }
  ],
  "meta": {
    "mocha": {
      "version": "10.1.0"
    },
    "mochawesome": {
      "options": {
        "quiet": false,
        "reportFilename": "mochawesome",
        "saveHtml": true,
        "saveJson": true,
        "consoleReporter": "spec",
        "useInlineDiffs": false,
        "code": true
      },
      "version": "7.1.3"
    },
    "marge": {
      "options": null,
      "version": "6.2.0"
    }
  }
}